Game Informations
-----------------
Event: Titled Tuesday intern op 05th Jul Early
White: Niemann,Hans Moke
Black: Naroditsky,Daniel
Date: 2022.07.05
Whitepoints= 16
Blackpoints= 18
Statistics of the game:
Stockfish depth:  18
White: 50.0 %
Black: 56.25 %
Game Informations
-----------------
Event: Julius Baer GenCup Prelim
White: Niemann,Hans Moke
Black: Le,Quang Liem
Date: 2022.09.19
Whitepoints= 23
Blackpoints= 39
Statistics of the game:
Stockfish depth:  18
White: 42.59 %
Black: 72.22 %
Game Informations
-----------------
Event: Julius Baer GenCup Prelim
White: Gelfand,Boris
Black: Niemann,Hans Moke
Date: 2022.09.18
Whitepoints= 12
Blackpoints= 14
Statistics of the game:
Stockfish depth:  18
White: 60.0 %
Black: 70.0 %
Game Informations
-----------------
Event: Julius Baer GenCup Prelim
White: Niemann,Hans Moke
Black: Keymer,Vincent
Date: 2022.09.18
Whitepoints= 25
Blackpoints= 22
Statistics of the game:
Stockfish depth:  18
White: 55.56 %
Black: 50.0 %
Game Informations
-----------------
Event: Julius Baer GenCup Prelim
White: Niemann,Hans Moke
Black: Yoo,Christopher Woojin
Date: 2022.09.18
Whitepoints= 53
Blackpoints= 42
Statistics of the game:
Stockfish depth:  18
White: 65.43 %
Black: 52.5 %
Game Informations
-----------------
Event: Julius Baer GenCup Prelim
White: Wojtaszek,Radoslaw
Black: Niemann,Hans Moke
Date: 2022.09.18
Whitepoints= 21
Blackpoints= 17
Statistics of the game:
Stockfish depth:  18
White: 60.0 %
Black: 50.0 %
Game Informations
-----------------
Event: Sinquefield Cup 9th
White: Nepomniachtchi,Ian
Black: Niemann,Hans Moke
Date: 2022.09.11
Whitepoints= 22
Blackpoints= 28
Statistics of the game:
Stockfish depth:  18
White: 40.74 %
Black: 51.85 %
Game Informations
-----------------
Event: Sinquefield Cup 9th
White: Niemann,Hans Moke
Black: Caruana,Fabiano
Date: 2022.09.10
Whitepoints= 41
Blackpoints= 44
Statistics of the game:
Stockfish depth:  18
White: 59.42 %
Black: 63.77 %
Game Informations
-----------------
Event: Sinquefield Cup 9th
White: Vachier Lagrave,Maxime
Black: Niemann,Hans Moke
Date: 2022.09.09
Whitepoints= 36
Blackpoints= 38
Statistics of the game:
Stockfish depth:  18
White: 65.45 %
Black: 70.37 %
Game Informations
-----------------
Event: Sinquefield Cup 9th
White: Niemann,Hans Moke
Black: So,Wesley
Date: 2022.09.08
Whitepoints= 34
Blackpoints= 42
Statistics of the game:
Stockfish depth:  18
White: 57.63 %
Black: 71.19 %
Game Informations
-----------------
Event: Sinquefield Cup 9th
White: Dominguez Perez,Leinier
Black: Niemann,Hans Moke
Date: 2022.09.06
Whitepoints= 26
Blackpoints= 28
Statistics of the game:
Stockfish depth:  18
White: 55.32 %
Black: 59.57 %
Game Informations
-----------------
Event: Julius Baer GenCup Prelim
White: Ivanchuk,Vassily
Black: Niemann,Hans Moke
Date: 2022.09.21
Whitepoints= 19
Blackpoints= 29
Statistics of the game:
Stockfish depth:  18
White: 55.88 %
Black: 85.29 %
Game Informations
-----------------
Event: Sinquefield Cup 9th
White: Niemann,Hans Moke
Black: Firouzja,Alireza
Date: 2022.09.05
Whitepoints= 22
Blackpoints= 27
Statistics of the game:
Stockfish depth:  18
White: 51.16 %
Black: 62.79 %
Game Informations
-----------------
Event: Sinquefield Cup 9th+
White: Carlsen,Magnus
Black: Niemann,Hans Moke
Date: 2022.09.04
Whitepoints= 37
Blackpoints= 40
Statistics of the game:
Stockfish depth:  18
White: 64.91 %
Black: 71.43 %
Game Informations
-----------------
Event: Sinquefield Cup 9th
White: Niemann,Hans Moke
Black: Mamedyarov,Shakhriyar
Date: 2022.09.03
Whitepoints= 36
Blackpoints= 33
Statistics of the game:
Stockfish depth:  18
White: 73.47 %
Black: 67.35 %
Game Informations
-----------------
Event: Sinquefield Cup 9th
White: Niemann,Hans Moke
Black: Aronian,Levon
Date: 2022.09.02
Whitepoints= 29
Blackpoints= 31
Statistics of the game:
Stockfish depth:  18
White: 58.0 %
Black: 62.0 %
Game Informations
-----------------
Event: TUR-chT
White: Niemann,Hans Moke
Black: Idani,Pouya
Date: 2022.08.27
Whitepoints= 25
Blackpoints= 21
Statistics of the game:
Stockfish depth:  18
White: 54.35 %
Black: 46.67 %
Game Informations
-----------------
Event: TUR-chT
White: Kuzubov,Yuriy
Black: Niemann,Hans Moke
Date: 2022.08.26
Whitepoints= 28
Blackpoints= 32
Statistics of the game:
Stockfish depth:  18
White: 51.85 %
Black: 60.38 %
Game Informations
-----------------
Event: TUR-chT
White: Niemann,Hans Moke
Black: Maghsoodloo,Parham
Date: 2022.08.25
Whitepoints= 48
Blackpoints= 58
Statistics of the game:
Stockfish depth:  18
White: 48.98 %
Black: 59.18 %
Game Informations
-----------------
Event: TUR-chT
White: Kobalia,Mihail
Black: Niemann,Hans Moke
Date: 2022.08.24
Whitepoints= 19
Blackpoints= 21
Statistics of the game:
Stockfish depth:  18
White: 57.58 %
Black: 63.64 %
Game Informations
-----------------
Event: TUR-chT
White: Niemann,Hans Moke
Black: Sanal,Vahap
Date: 2022.08.24
Whitepoints= 32
Blackpoints= 32
Statistics of the game:
Stockfish depth:  18
White: 58.18 %
Black: 58.18 %
Game Informations
-----------------
Event: Chess.com Rapid Wk25 KO
White: Nepomniachtchi,Ian
Black: Niemann,Hans Moke
Date: 2022.08.14
Whitepoints= 30
Blackpoints= 30
Statistics of the game:
Stockfish depth:  18
White: 57.69 %
Black: 58.82 %
Game Informations
-----------------
Event: Julius Baer GenCup Prelim
White: Niemann,Hans Moke
Black: Duda,Jan Krzysztof
Date: 2022.09.21
Whitepoints= 40
Blackpoints= 30
Statistics of the game:
Stockfish depth:  18
White: 71.43 %
Black: 54.55 %
Game Informations
-----------------
Event: Chess.com Rapid Wk25 Swiss
White: Caruana,Fabiano
Black: Niemann,Hans Moke
Date: 2022.08.13
Whitepoints= 27
Blackpoints= 32
Statistics of the game:
Stockfish depth:  18
White: 47.37 %
Black: 56.14 %
Game Informations
-----------------
Event: Chess.com Rapid Wk25 Swiss
White: Niemann,Hans Moke
Black: Azarov,Sergei Nikolaevich
Date: 2022.08.13
Whitepoints= 49
Blackpoints= 48
Statistics of the game:
Stockfish depth:  18
White: 65.33 %
Black: 64.86 %
Game Informations
-----------------
Event: Chess.com Rapid Wk25 Swiss
White: Niemann,Hans Moke
Black: Preotu,Razvan
Date: 2022.08.13
Whitepoints= 17
Blackpoints= 14
Statistics of the game:
Stockfish depth:  18
White: 45.95 %
Black: 38.89 %
Game Informations
-----------------
Event: Chess.com Rapid Wk25 Swiss
White: Niemann,Hans Moke
Black: Sanal,Vahap
Date: 2022.08.13
Whitepoints= 22
Blackpoints= 22
Statistics of the game:
Stockfish depth:  18
White: 51.16 %
Black: 51.16 %
Game Informations
-----------------
Event: Chess.com Rapid Wk25 Swiss
White: Niemann,Hans Moke
Black: So,Wesley
Date: 2022.08.13
Whitepoints= 11
Blackpoints= 14
Statistics of the game:
Stockfish depth:  18
White: 78.57 %
Black: 100.0 %
Game Informations
-----------------
Event: Chess.com Rapid Wk25 Swiss
White: Niemann,Hans Moke
Black: Vokhidov,Shamsiddin
Date: 2022.08.13
Whitepoints= 48
Blackpoints= 44
Statistics of the game:
Stockfish depth:  18
White: 60.0 %
Black: 55.0 %
Game Informations
-----------------
Event: Chess.com Rapid Wk25 Swiss
White: Shimanov,Aleksandr
Black: Niemann,Hans Moke
Date: 2022.08.13
Whitepoints= 26
Blackpoints= 28
Statistics of the game:
Stockfish depth:  18
White: 50.98 %
Black: 56.0 %
Game Informations
-----------------
Event: Chess.com Rapid Wk25 Swiss
White: Sjugirov,Sanan
Black: Niemann,Hans Moke
Date: 2022.08.13
Whitepoints= 60
Blackpoints= 51
Statistics of the game:
Stockfish depth:  18
White: 48.39 %
Black: 41.13 %
Game Informations
-----------------
Event: Chess.com Rapid Wk24 KO
White: Nakamura,Hikaru
Black: Niemann,Hans Moke
Date: 2022.08.07
Whitepoints= 12
Blackpoints= 16
Statistics of the game:
Stockfish depth:  18
White: 48.0 %
Black: 64.0 %
Game Informations
-----------------
Event: Chess.com Rapid Wk24 KO
White: Niemann,Hans Moke
Black: Nakamura,Hikaru
Date: 2022.08.07
Whitepoints= 22
Blackpoints= 28
Statistics of the game:
Stockfish depth:  18
White: 50.0 %
Black: 63.64 %
Game Informations
-----------------
Event: Julius Baer GenCup Prelim
White: Niemann,Hans Moke
Black: Saric,Ivan
Date: 2022.09.21
Whitepoints= 19
Blackpoints= 21
Statistics of the game:
Stockfish depth:  18
White: 38.78 %
Black: 42.86 %
Game Informations
-----------------
Event: Chess.com Rapid Wk24 KO
White: Niemann,Hans Moke
Black: Rasulov,Vugar Ural Oglu
Date: 2022.08.07
Whitepoints= 28
Blackpoints= 26
Statistics of the game:
Stockfish depth:  18
White: 65.12 %
Black: 61.9 %
Game Informations
-----------------
Event: Chess.com Rapid Wk24 KO
White: Niemann,Hans Moke
Black: Rasulov,Vugar Ural Oglu
Date: 2022.08.07
Whitepoints= 41
Blackpoints= 31
Statistics of the game:
Stockfish depth:  18
White: 55.41 %
Black: 42.47 %
Game Informations
-----------------
Event: Chess.com Rapid Wk24 KO
White: Niemann,Hans Moke
Black: Xiong,Jeffery
Date: 2022.08.07
Whitepoints= 31
Blackpoints= 31
Statistics of the game:
Stockfish depth:  18
White: 60.78 %
Black: 62.0 %
Game Informations
-----------------
Event: Chess.com Rapid Wk24 KO
White: Rasulov,Vugar Ural Oglu
Black: Niemann,Hans Moke
Date: 2022.08.07
Whitepoints= 33
Blackpoints= 24
Statistics of the game:
Stockfish depth:  18
White: 67.35 %
Black: 50.0 %
Game Informations
-----------------
Event: Chess.com Rapid Wk24 Swiss
White: Azarov,Sergei Nikolaevich
Black: Niemann,Hans Moke
Date: 2022.08.06
Whitepoints= 24
Blackpoints= 21
Statistics of the game:
Stockfish depth:  18
White: 66.67 %
Black: 58.33 %
Game Informations
-----------------
Event: Chess.com Rapid Wk24 Swiss
White: Nepomniachtchi,Ian
Black: Niemann,Hans Moke
Date: 2022.08.06
Whitepoints= 16
Blackpoints= 19
Statistics of the game:
Stockfish depth:  18
White: 42.11 %
Black: 50.0 %
Game Informations
-----------------
Event: Chess.com Rapid Wk24 Swiss
White: Niemann,Hans Moke
Black: Alekseenko,Kirill
Date: 2022.08.06
Whitepoints= 61
Blackpoints= 51
Statistics of the game:
Stockfish depth:  18
White: 59.22 %
Black: 49.51 %
Game Informations
-----------------
Event: Chess.com Rapid Wk24 Swiss
White: Niemann,Hans Moke
Black: Pichot,Alan
Date: 2022.08.06
Whitepoints= 23
Blackpoints= 20
Statistics of the game:
Stockfish depth:  18
White: 65.71 %
Black: 58.82 %
Game Informations
-----------------
Event: Chess.com Rapid Wk24 Swiss
White: Niemann,Hans Moke
Black: Sevian,Samuel
Date: 2022.08.06
Whitepoints= 2
Blackpoints= 2
Statistics of the game:
Stockfish depth:  18
White: 66.67 %
Black: 100.0 %
Game Informations
-----------------
Event: Chess.com Rapid Wk24 Swiss
White: Niemann,Hans Moke
Black: Shimanov,Aleksandr
Date: 2022.08.06
Whitepoints= 29
Blackpoints= 27
Statistics of the game:
Stockfish depth:  18
White: 55.77 %
Black: 52.94 %
Game Informations
-----------------
Event: Julius Baer GenCup Prelim
White: Giri,Anish
Black: Niemann,Hans Moke
Date: 2022.09.20
Whitepoints= 26
Blackpoints= 16
Statistics of the game:
Stockfish depth:  18
White: 63.41 %
Black: 40.0 %
Game Informations
-----------------
Event: Chess.com Rapid Wk24 Swiss
White: Niemann,Hans Moke
Black: Xiong,Jeffery
Date: 2022.08.06
Whitepoints= 10
Blackpoints= 12
Statistics of the game:
Stockfish depth:  18
White: 66.67 %
Black: 85.71 %
Game Informations
-----------------
Event: Chess.com Rapid Wk24 Swiss
White: Ponkratov,Pavel
Black: Niemann,Hans Moke
Date: 2022.08.06
Whitepoints= 22
Blackpoints= 24
Statistics of the game:
Stockfish depth:  18
White: 50.0 %
Black: 54.55 %
Game Informations
-----------------
Event: Chess.com Rapid Wk24 Swiss
White: Salem,AR Saleh
Black: Niemann,Hans Moke
Date: 2022.08.06
Whitepoints= 31
Blackpoints= 31
Statistics of the game:
Stockfish depth:  18
White: 49.21 %
Black: 49.21 %
Game Informations
-----------------
Event: Chess.com Rapid Wk23 KO
White: Sevian,Samuel
Black: Niemann,Hans Moke
Date: 2022.07.31
Whitepoints= 19
Blackpoints= 28
Statistics of the game:
Stockfish depth:  18
White: 52.78 %
Black: 77.78 %
Game Informations
-----------------
Event: Chess.com Rapid Wk23 KO
White: Sevian,Samuel
Black: Niemann,Hans Moke
Date: 2022.07.31
Whitepoints= 19
Blackpoints= 28
Statistics of the game:
Stockfish depth:  18
White: 52.78 %
Black: 77.78 %
Game Informations
-----------------
Event: Chess.com Rapid Wk23 KO
White: Xiong,Jeffery
Black: Niemann,Hans Moke
Date: 2022.07.31
Whitepoints= 15
Blackpoints= 8
Statistics of the game:
Stockfish depth:  18
White: 57.69 %
Black: 32.0 %
Game Informations
-----------------
Event: Chess.com Rapid Wk23 KO
White: Xiong,Jeffery
Black: Niemann,Hans Moke
Date: 2022.07.31
Whitepoints= 15
Blackpoints= 8
Statistics of the game:
Stockfish depth:  18
White: 57.69 %
Black: 32.0 %
Game Informations
-----------------
Event: Chess.com Rapid Wk23 Swiss
White: Abdusattorov,Nodirbek
Black: Niemann,Hans Moke
Date: 2022.07.30
Whitepoints= 49
Blackpoints= 37
Statistics of the game:
Stockfish depth:  18
White: 60.49 %
Black: 46.25 %
Game Informations
-----------------
Event: Chess.com Rapid Wk23 Swiss
White: Abdusattorov,Nodirbek
Black: Niemann,Hans Moke
Date: 2022.07.30
Whitepoints= 49
Blackpoints= 37
Statistics of the game:
Stockfish depth:  18
White: 60.49 %
Black: 46.25 %
Game Informations
-----------------
Event: Chess.com Rapid Wk23 Swiss
White: Nguyen,Duc Hoa
Black: Niemann,Hans Moke
Date: 2022.07.30
Whitepoints= 22
Blackpoints= 20
Statistics of the game:
Stockfish depth:  18
White: 62.86 %
Black: 57.14 %
Game Informations
-----------------
Event: Julius Baer GenCup Prelim
White: Navara,David
Black: Niemann,Hans Moke
Date: 2022.09.20
Whitepoints= 29
Blackpoints= 23
Statistics of the game:
Stockfish depth:  18
White: 60.42 %
Black: 48.94 %
Game Informations
-----------------
Event: Chess.com Rapid Wk23 Swiss
White: Nguyen,Duc Hoa
Black: Niemann,Hans Moke
Date: 2022.07.30
Whitepoints= 22
Blackpoints= 20
Statistics of the game:
Stockfish depth:  18
White: 62.86 %
Black: 57.14 %
Game Informations
-----------------
Event: Chess.com Rapid Wk23 Swiss
White: Niemann,Hans Moke
Black: Andreikin,Dmitry
Date: 2022.07.30
Whitepoints= 33
Blackpoints= 31
Statistics of the game:
Stockfish depth:  18
White: 60.0 %
Black: 57.41 %
Game Informations
-----------------
Event: Chess.com Rapid Wk23 Swiss
White: Niemann,Hans Moke
Black: Andreikin,Dmitry
Date: 2022.07.30
Whitepoints= 33
Blackpoints= 31
Statistics of the game:
Stockfish depth:  18
White: 60.0 %
Black: 57.41 %
Game Informations
-----------------
Event: Chess.com Rapid Wk23 Swiss
White: Niemann,Hans Moke
Black: Grischuk,Alexander
Date: 2022.07.30
Whitepoints= 32
Blackpoints= 31
Statistics of the game:
Stockfish depth:  18
White: 44.44 %
Black: 43.66 %
Game Informations
-----------------
Event: Chess.com Rapid Wk23 Swiss
White: Niemann,Hans Moke
Black: Grischuk,Alexander
Date: 2022.07.30
Whitepoints= 32
Blackpoints= 31
Statistics of the game:
Stockfish depth:  18
White: 44.44 %
Black: 43.66 %
Game Informations
-----------------
Event: Chess.com Rapid Wk23 Swiss
White: Niemann,Hans Moke
Black: Nasuta,Grzegorz
Date: 2022.07.30
Whitepoints= 22
Blackpoints= 12
Statistics of the game:
Stockfish depth:  18
White: 64.71 %
Black: 36.36 %
Game Informations
-----------------
Event: Chess.com Rapid Wk23 Swiss
White: Niemann,Hans Moke
Black: Nasuta,Grzegorz
Date: 2022.07.30
Whitepoints= 22
Blackpoints= 12
Statistics of the game:
Stockfish depth:  18
White: 64.71 %
Black: 36.36 %
Game Informations
-----------------
Event: Chess.com Rapid Wk23 Swiss
White: Niemann,Hans Moke
Black: Pichot,Alan
Date: 2022.07.30
Whitepoints= 21
Blackpoints= 21
Statistics of the game:
Stockfish depth:  18
White: 47.73 %
Black: 48.84 %
Game Informations
-----------------
Event: Chess.com Rapid Wk23 Swiss
White: Niemann,Hans Moke
Black: Pichot,Alan
Date: 2022.07.30
Whitepoints= 21
Blackpoints= 21
Statistics of the game:
Stockfish depth:  18
White: 47.73 %
Black: 48.84 %
Game Informations
-----------------
Event: Chess.com Rapid Wk23 Swiss
White: Nyzhnyk,Illya
Black: Niemann,Hans Moke
Date: 2022.07.30
Whitepoints= 43
Blackpoints= 29
Statistics of the game:
Stockfish depth:  18
White: 74.14 %
Black: 50.88 %
Game Informations
-----------------
Event: Julius Baer GenCup Prelim
White: Niemann,Hans Moke
Black: Aronian,Levon
Date: 2022.09.20
Whitepoints= 14
Blackpoints= 7
Statistics of the game:
Stockfish depth:  18
White: 66.67 %
Black: 35.0 %
Game Informations
-----------------
Event: Chess.com Rapid Wk23 Swiss
White: Nyzhnyk,Illya
Black: Niemann,Hans Moke
Date: 2022.07.30
Whitepoints= 43
Blackpoints= 29
Statistics of the game:
Stockfish depth:  18
White: 74.14 %
Black: 50.88 %
Game Informations
-----------------
Event: Chess.com Rapid Wk23 Swiss
White: Sevian,Samuel
Black: Niemann,Hans Moke
Date: 2022.07.30
Whitepoints= 2
Blackpoints= 3
Statistics of the game:
Stockfish depth:  18
White: 66.67 %
Black: 100.0 %
Game Informations
-----------------
Event: Chess.com Rapid Wk23 Swiss
White: Sevian,Samuel
Black: Niemann,Hans Moke
Date: 2022.07.30
Whitepoints= 2
Blackpoints= 3
Statistics of the game:
Stockfish depth:  18
White: 66.67 %
Black: 100.0 %
Game Informations
-----------------
Event: Chess.com Rapid Wk23 Swiss
White: Vasquez Schroder,Rodrigo Rafael
Black: Niemann,Hans Moke
Date: 2022.07.30
Whitepoints= 28
Blackpoints= 33
Statistics of the game:
Stockfish depth:  18
White: 58.33 %
Black: 68.75 %
Game Informations
-----------------
Event: Chess.com Rapid Wk23 Swiss
White: Vasquez Schroder,Rodrigo Rafael
Black: Niemann,Hans Moke
Date: 2022.07.30
Whitepoints= 28
Blackpoints= 33
Statistics of the game:
Stockfish depth:  18
White: 58.33 %
Black: 68.75 %
Game Informations
-----------------
Event: FTX Road to Miami Prelim
White: Giri,Anish
Black: Niemann,Hans Moke
Date: 2022.07.13
Whitepoints= 15
Blackpoints= 9
Statistics of the game:
Stockfish depth:  18
White: 60.0 %
Black: 37.5 %
Game Informations
-----------------
Event: FTX Road to Miami Prelim
White: Ju,Wenjun
Black: Niemann,Hans Moke
Date: 2022.07.13
Whitepoints= 27
Blackpoints= 17
Statistics of the game:
Stockfish depth:  18
White: 67.5 %
Black: 43.59 %
Game Informations
-----------------
Event: FTX Road to Miami Prelim
White: Niemann,Hans Moke
Black: Wojtaszek,Radoslaw
Date: 2022.07.13
Whitepoints= 45
Blackpoints= 35
Statistics of the game:
Stockfish depth:  18
White: 55.56 %
Black: 43.75 %
Game Informations
-----------------
Event: FTX Road to Miami Prelim
White: Erigaisi,Arjun Kumar
Black: Niemann,Hans Moke
Date: 2022.07.12
Whitepoints= 31
Blackpoints= 31
Statistics of the game:
Stockfish depth:  18
White: 67.39 %
Black: 68.89 %
Game Informations
-----------------
Event: FTX Road to Miami Prelim
White: Mamedyarov,Shakhriyar
Black: Niemann,Hans Moke
Date: 2022.07.12
Whitepoints= 24
Blackpoints= 29
Statistics of the game:
Stockfish depth:  18
White: 48.98 %
Black: 60.42 %
Game Informations
-----------------
Event: Julius Baer GenCup Prelim
White: Praggnanandhaa,Rameshbabu
Black: Niemann,Hans Moke
Date: 2022.09.20
Whitepoints= 21
Blackpoints= 28
Statistics of the game:
Stockfish depth:  18
White: 48.84 %
Black: 65.12 %
Game Informations
-----------------
Event: FTX Road to Miami Prelim
White: Niemann,Hans Moke
Black: Rapport,Richard
Date: 2022.07.12
Whitepoints= 45
Blackpoints= 50
Statistics of the game:
Stockfish depth:  18
White: 64.29 %
Black: 71.43 %
Game Informations
-----------------
Event: FTX Road to Miami Prelim
White: Dominguez Perez,Leinier
Black: Niemann,Hans Moke
Date: 2022.07.11
Whitepoints= 19
Blackpoints= 22
Statistics of the game:
Stockfish depth:  18
White: 54.29 %
Black: 62.86 %
Game Informations
-----------------
Event: FTX Road to Miami Prelim
White: Duda,Jan Krzysztof
Black: Niemann,Hans Moke
Date: 2022.07.11
Whitepoints= 26
Blackpoints= 18
Statistics of the game:
Stockfish depth:  18
White: 65.0 %
Black: 46.15 %
Game Informations
-----------------
Event: FTX Road to Miami Prelim
White: Niemann,Hans Moke
Black: Aronian,Levon
Date: 2022.07.11
Whitepoints= 28
Blackpoints= 36
Statistics of the game:
Stockfish depth:  18
White: 62.22 %
Black: 80.0 %
Game Informations
-----------------
Event: FTX Road to Miami Prelim
White: Niemann,Hans Moke
Black: Sevian,Samuel
Date: 2022.07.11
Whitepoints= 18
Blackpoints= 27
Statistics of the game:
Stockfish depth:  18
White: 45.0 %
Black: 67.5 %
Game Informations
-----------------
Event: Bundesliga 2122
White: Niemann,Hans Moke
Black: Huschenbeth,Niclas
Date: 2022.07.10
Whitepoints= 47
Blackpoints= 47
Statistics of the game:
Stockfish depth:  18
White: 57.32 %
Black: 57.32 %
Game Informations
-----------------
Event: FTX Road to Miami Prelim
White: Niemann,Hans Moke
Black: Tari,Aryan
Date: 2022.07.10
Whitepoints= 46
Blackpoints= 35
Statistics of the game:
Stockfish depth:  18
White: 68.66 %
Black: 53.03 %
Game Informations
-----------------
Event: FTX Road to Miami Prelim
White: Niemann,Hans Moke
Black: Xiong,Jeffery
Date: 2022.07.10
Whitepoints= 22
Blackpoints= 32
Statistics of the game:
Stockfish depth:  18
White: 51.16 %
Black: 74.42 %
Game Informations
-----------------
Event: FTX Road to Miami Prelim
White: Shankland,Samuel L
Black: Niemann,Hans Moke
Date: 2022.07.10
Whitepoints= 27
Blackpoints= 24
Statistics of the game:
Stockfish depth:  18
White: 61.36 %
Black: 54.55 %
Game Informations
-----------------
Event: FTX Road to Miami Prelim
White: Wei,Yi
Black: Niemann,Hans Moke
Date: 2022.07.10
Whitepoints= 42
Blackpoints= 46
Statistics of the game:
Stockfish depth:  18
White: 47.73 %
Black: 52.27 %
Game Informations
-----------------
Event: Julius Baer GenCup Prelim
White: Adhiban,Baskaran
Black: Niemann,Hans Moke
Date: 2022.09.19
Whitepoints= 41
Blackpoints= 43
Statistics of the game:
Stockfish depth:  18
White: 66.13 %
Black: 69.35 %
Game Informations
-----------------
Event: Bundesliga 2122
White: Grandelius,Nils
Black: Niemann,Hans Moke
Date: 2022.07.09
Whitepoints= 36
Blackpoints= 38
Statistics of the game:
Stockfish depth:  18
White: 61.02 %
Black: 65.52 %
Game Informations
-----------------
Event: Bundesliga 2122
White: Jones,Gawain C B
Black: Niemann,Hans Moke
Date: 2022.07.09
Whitepoints= 16
Blackpoints= 28
Statistics of the game:
Stockfish depth:  18
White: 47.06 %
Black: 82.35 %
Game Informations
-----------------
Event: Bundesliga 2122
White: Niemann,Hans Moke
Black: Caruana,Fabiano
Date: 2022.07.08
Whitepoints= 50
Blackpoints= 53
Statistics of the game:
Stockfish depth:  18
White: 64.94 %
Black: 68.83 %
Game Informations
-----------------
Event: Bundesliga 2122
White: Keymer,Vincent
Black: Niemann,Hans Moke
Date: 2022.07.07
Whitepoints= 35
Blackpoints= 34
Statistics of the game:
Stockfish depth:  18
White: 57.38 %
Black: 55.74 %
Game Informations
-----------------
Event: Titled Tuesday intern op 05th Jul Early
White: Domingo Nunez,Ruben
Black: Niemann,Hans Moke
Date: 2022.07.05
Whitepoints= 41
Blackpoints= 56
Statistics of the game:
Stockfish depth:  18
White: 32.28 %
Black: 44.09 %
Game Informations
-----------------
Event: Titled Tuesday intern op 05th Jul Early
White: Dubov,Daniil
Black: Niemann,Hans Moke
Date: 2022.07.05
Whitepoints= 36
Blackpoints= 40
Statistics of the game:
Stockfish depth:  18
White: 55.38 %
Black: 62.5 %
Game Informations
-----------------
Event: Titled Tuesday intern op 05th Jul Early
White: Malek,Jan
Black: Niemann,Hans Moke
Date: 2022.07.05
Whitepoints= 32
Blackpoints= 30
Statistics of the game:
Stockfish depth:  18
White: 53.33 %
Black: 50.0 %
Game Informations
-----------------
Event: Titled Tuesday intern op 05th Jul Early
White: Niemann,Hans Moke
Black: Abrahamyan,Tatev
Date: 2022.07.05
Whitepoints= 14
Blackpoints= 18
Statistics of the game:
Stockfish depth:  18
White: 50.0 %
Black: 66.67 %
Game Informations
-----------------
Event: Titled Tuesday intern op 05th Jul Early
White: Niemann,Hans Moke
Black: Atakishiyev,Elmar
Date: 2022.07.05
Whitepoints= 22
Blackpoints= 18
Statistics of the game:
Stockfish depth:  18
White: 52.38 %
Black: 43.9 %
Game Informations
-----------------
Event: Titled Tuesday intern op 05th Jul Early
White: Niemann,Hans Moke
Black: Maximov,Dmitry
Date: 2022.07.05
Whitepoints= 32
Blackpoints= 27
Statistics of the game:
Stockfish depth:  18
White: 58.18 %
Black: 50.0 %
Game Informations
-----------------
Event: Julius Baer GenCup Prelim
White: Erigaisi,Arjun Kumar
Black: Niemann,Hans Moke
Date: 2022.09.19
Whitepoints= 35
Blackpoints= 27
Statistics of the game:
Stockfish depth:  18
White: 70.0 %
Black: 55.1 %
