Game Informations
-----------------
Event: Titled Tuesday intern op 05th Jul Early
White: Niemann,Hans Moke
Black: Naroditsky,Daniel
Date: 2022.07.05
Whitepoints= 15
Blackpoints= 19
Statistics of the game:
Stockfish depth:  15
White: 46.88 %
Black: 59.38 %
Game Informations
-----------------
Event: Julius Baer GenCup Prelim
White: Niemann,Hans Moke
Black: Le,Quang Liem
Date: 2022.09.19
Whitepoints= 24
Blackpoints= 39
Statistics of the game:
Stockfish depth:  15
White: 44.44 %
Black: 72.22 %
Game Informations
-----------------
Event: Julius Baer GenCup Prelim
White: Gelfand,Boris
Black: Niemann,Hans Moke
Date: 2022.09.18
Whitepoints= 12
Blackpoints= 14
Statistics of the game:
Stockfish depth:  15
White: 60.0 %
Black: 70.0 %
Game Informations
-----------------
Event: Julius Baer GenCup Prelim
White: Niemann,Hans Moke
Black: Keymer,Vincent
Date: 2022.09.18
Whitepoints= 26
Blackpoints= 22
Statistics of the game:
Stockfish depth:  15
White: 57.78 %
Black: 50.0 %
Game Informations
-----------------
Event: Julius Baer GenCup Prelim
White: Niemann,Hans Moke
Black: Yoo,Christopher Woojin
Date: 2022.09.18
Whitepoints= 53
Blackpoints= 44
Statistics of the game:
Stockfish depth:  15
White: 65.43 %
Black: 55.0 %
Game Informations
-----------------
Event: Julius Baer GenCup Prelim
White: Wojtaszek,Radoslaw
Black: Niemann,Hans Moke
Date: 2022.09.18
Whitepoints= 23
Blackpoints= 16
Statistics of the game:
Stockfish depth:  15
White: 65.71 %
Black: 47.06 %
Game Informations
-----------------
Event: Sinquefield Cup 9th
White: Nepomniachtchi,Ian
Black: Niemann,Hans Moke
Date: 2022.09.11
Whitepoints= 29
Blackpoints= 29
Statistics of the game:
Stockfish depth:  15
White: 53.7 %
Black: 53.7 %
Game Informations
-----------------
Event: Sinquefield Cup 9th
White: Niemann,Hans Moke
Black: Caruana,Fabiano
Date: 2022.09.10
Whitepoints= 40
Blackpoints= 41
Statistics of the game:
Stockfish depth:  15
White: 57.97 %
Black: 59.42 %
Game Informations
-----------------
Event: Sinquefield Cup 9th
White: Vachier Lagrave,Maxime
Black: Niemann,Hans Moke
Date: 2022.09.09
Whitepoints= 35
Blackpoints= 35
Statistics of the game:
Stockfish depth:  15
White: 63.64 %
Black: 64.81 %
Game Informations
-----------------
Event: Sinquefield Cup 9th
White: Niemann,Hans Moke
Black: So,Wesley
Date: 2022.09.08
Whitepoints= 34
Blackpoints= 39
Statistics of the game:
Stockfish depth:  15
White: 57.63 %
Black: 66.1 %
Game Informations
-----------------
Event: Sinquefield Cup 9th
White: Dominguez Perez,Leinier
Black: Niemann,Hans Moke
Date: 2022.09.06
Whitepoints= 27
Blackpoints= 25
Statistics of the game:
Stockfish depth:  15
White: 57.45 %
Black: 53.19 %
Game Informations
-----------------
Event: Julius Baer GenCup Prelim
White: Ivanchuk,Vassily
Black: Niemann,Hans Moke
Date: 2022.09.21
Whitepoints= 20
Blackpoints= 26
Statistics of the game:
Stockfish depth:  15
White: 58.82 %
Black: 76.47 %
Game Informations
-----------------
Event: Sinquefield Cup 9th
White: Niemann,Hans Moke
Black: Firouzja,Alireza
Date: 2022.09.05
Whitepoints= 22
Blackpoints= 20
Statistics of the game:
Stockfish depth:  15
White: 51.16 %
Black: 46.51 %
Game Informations
-----------------
Event: Sinquefield Cup 9th+
White: Carlsen,Magnus
Black: Niemann,Hans Moke
Date: 2022.09.04
Whitepoints= 34
Blackpoints= 47
Statistics of the game:
Stockfish depth:  15
White: 59.65 %
Black: 83.93 %
Game Informations
-----------------
Event: Sinquefield Cup 9th
White: Niemann,Hans Moke
Black: Mamedyarov,Shakhriyar
Date: 2022.09.03
Whitepoints= 38
Blackpoints= 36
Statistics of the game:
Stockfish depth:  15
White: 77.55 %
Black: 73.47 %
Game Informations
-----------------
Event: Sinquefield Cup 9th
White: Niemann,Hans Moke
Black: Aronian,Levon
Date: 2022.09.02
Whitepoints= 28
Blackpoints= 31
Statistics of the game:
Stockfish depth:  15
White: 56.0 %
Black: 62.0 %
Game Informations
-----------------
Event: TUR-chT
White: Niemann,Hans Moke
Black: Idani,Pouya
Date: 2022.08.27
Whitepoints= 22
Blackpoints= 19
Statistics of the game:
Stockfish depth:  15
White: 47.83 %
Black: 42.22 %
Game Informations
-----------------
Event: TUR-chT
White: Kuzubov,Yuriy
Black: Niemann,Hans Moke
Date: 2022.08.26
Whitepoints= 29
Blackpoints= 30
Statistics of the game:
Stockfish depth:  15
White: 53.7 %
Black: 56.6 %
Game Informations
-----------------
Event: TUR-chT
White: Niemann,Hans Moke
Black: Maghsoodloo,Parham
Date: 2022.08.25
Whitepoints= 50
Blackpoints= 56
Statistics of the game:
Stockfish depth:  15
White: 51.02 %
Black: 57.14 %
Game Informations
-----------------
Event: TUR-chT
White: Kobalia,Mihail
Black: Niemann,Hans Moke
Date: 2022.08.24
Whitepoints= 20
Blackpoints= 22
Statistics of the game:
Stockfish depth:  15
White: 60.61 %
Black: 66.67 %
Game Informations
-----------------
Event: TUR-chT
White: Niemann,Hans Moke
Black: Sanal,Vahap
Date: 2022.08.24
Whitepoints= 29
Blackpoints= 32
Statistics of the game:
Stockfish depth:  15
White: 52.73 %
Black: 58.18 %
Game Informations
-----------------
Event: Chess.com Rapid Wk25 KO
White: Nepomniachtchi,Ian
Black: Niemann,Hans Moke
Date: 2022.08.14
Whitepoints= 30
Blackpoints= 27
Statistics of the game:
Stockfish depth:  15
White: 57.69 %
Black: 52.94 %
Game Informations
-----------------
Event: Julius Baer GenCup Prelim
White: Niemann,Hans Moke
Black: Duda,Jan Krzysztof
Date: 2022.09.21
Whitepoints= 38
Blackpoints= 31
Statistics of the game:
Stockfish depth:  15
White: 67.86 %
Black: 56.36 %
Game Informations
-----------------
Event: Chess.com Rapid Wk25 Swiss
White: Caruana,Fabiano
Black: Niemann,Hans Moke
Date: 2022.08.13
Whitepoints= 28
Blackpoints= 32
Statistics of the game:
Stockfish depth:  15
White: 49.12 %
Black: 56.14 %
Game Informations
-----------------
Event: Chess.com Rapid Wk25 Swiss
White: Niemann,Hans Moke
Black: Azarov,Sergei Nikolaevich
Date: 2022.08.13
Whitepoints= 46
Blackpoints= 49
Statistics of the game:
Stockfish depth:  15
White: 61.33 %
Black: 66.22 %
Game Informations
-----------------
Event: Chess.com Rapid Wk25 Swiss
White: Niemann,Hans Moke
Black: Preotu,Razvan
Date: 2022.08.13
Whitepoints= 20
Blackpoints= 16
Statistics of the game:
Stockfish depth:  15
White: 54.05 %
Black: 44.44 %
Game Informations
-----------------
Event: Chess.com Rapid Wk25 Swiss
White: Niemann,Hans Moke
Black: Sanal,Vahap
Date: 2022.08.13
Whitepoints= 23
Blackpoints= 17
Statistics of the game:
Stockfish depth:  15
White: 53.49 %
Black: 39.53 %
Game Informations
-----------------
Event: Chess.com Rapid Wk25 Swiss
White: Niemann,Hans Moke
Black: So,Wesley
Date: 2022.08.13
Whitepoints= 10
Blackpoints= 11
Statistics of the game:
Stockfish depth:  15
White: 71.43 %
Black: 78.57 %
Game Informations
-----------------
Event: Chess.com Rapid Wk25 Swiss
White: Niemann,Hans Moke
Black: Vokhidov,Shamsiddin
Date: 2022.08.13
Whitepoints= 47
Blackpoints= 43
Statistics of the game:
Stockfish depth:  15
White: 58.75 %
Black: 53.75 %
Game Informations
-----------------
Event: Chess.com Rapid Wk25 Swiss
White: Shimanov,Aleksandr
Black: Niemann,Hans Moke
Date: 2022.08.13
Whitepoints= 26
Blackpoints= 26
Statistics of the game:
Stockfish depth:  15
White: 50.98 %
Black: 52.0 %
Game Informations
-----------------
Event: Chess.com Rapid Wk25 Swiss
White: Sjugirov,Sanan
Black: Niemann,Hans Moke
Date: 2022.08.13
Whitepoints= 62
Blackpoints= 57
Statistics of the game:
Stockfish depth:  15
White: 50.0 %
Black: 45.97 %
Game Informations
-----------------
Event: Chess.com Rapid Wk24 KO
White: Nakamura,Hikaru
Black: Niemann,Hans Moke
Date: 2022.08.07
Whitepoints= 11
Blackpoints= 15
Statistics of the game:
Stockfish depth:  15
White: 44.0 %
Black: 60.0 %
Game Informations
-----------------
Event: Chess.com Rapid Wk24 KO
White: Niemann,Hans Moke
Black: Nakamura,Hikaru
Date: 2022.08.07
Whitepoints= 25
Blackpoints= 21
Statistics of the game:
Stockfish depth:  15
White: 56.82 %
Black: 47.73 %
Game Informations
-----------------
Event: Julius Baer GenCup Prelim
White: Niemann,Hans Moke
Black: Saric,Ivan
Date: 2022.09.21
Whitepoints= 19
Blackpoints= 24
Statistics of the game:
Stockfish depth:  15
White: 38.78 %
Black: 48.98 %
Game Informations
-----------------
Event: Chess.com Rapid Wk24 KO
White: Niemann,Hans Moke
Black: Rasulov,Vugar Ural Oglu
Date: 2022.08.07
Whitepoints= 27
Blackpoints= 25
Statistics of the game:
Stockfish depth:  15
White: 62.79 %
Black: 59.52 %
Game Informations
-----------------
Event: Chess.com Rapid Wk24 KO
White: Niemann,Hans Moke
Black: Rasulov,Vugar Ural Oglu
Date: 2022.08.07
Whitepoints= 35
Blackpoints= 32
Statistics of the game:
Stockfish depth:  15
White: 47.3 %
Black: 43.84 %
Game Informations
-----------------
Event: Chess.com Rapid Wk24 KO
White: Niemann,Hans Moke
Black: Xiong,Jeffery
Date: 2022.08.07
Whitepoints= 28
Blackpoints= 31
Statistics of the game:
Stockfish depth:  15
White: 54.9 %
Black: 62.0 %
Game Informations
-----------------
Event: Chess.com Rapid Wk24 KO
White: Rasulov,Vugar Ural Oglu
Black: Niemann,Hans Moke
Date: 2022.08.07
Whitepoints= 33
Blackpoints= 32
Statistics of the game:
Stockfish depth:  15
White: 67.35 %
Black: 66.67 %
Game Informations
-----------------
Event: Chess.com Rapid Wk24 Swiss
White: Azarov,Sergei Nikolaevich
Black: Niemann,Hans Moke
Date: 2022.08.06
Whitepoints= 22
Blackpoints= 22
Statistics of the game:
Stockfish depth:  15
White: 61.11 %
Black: 61.11 %
Game Informations
-----------------
Event: Chess.com Rapid Wk24 Swiss
White: Nepomniachtchi,Ian
Black: Niemann,Hans Moke
Date: 2022.08.06
Whitepoints= 17
Blackpoints= 21
Statistics of the game:
Stockfish depth:  15
White: 44.74 %
Black: 55.26 %
Game Informations
-----------------
Event: Chess.com Rapid Wk24 Swiss
White: Niemann,Hans Moke
Black: Alekseenko,Kirill
Date: 2022.08.06
Whitepoints= 60
Blackpoints= 58
Statistics of the game:
Stockfish depth:  15
White: 58.25 %
Black: 56.31 %
Game Informations
-----------------
Event: Chess.com Rapid Wk24 Swiss
White: Niemann,Hans Moke
Black: Pichot,Alan
Date: 2022.08.06
Whitepoints= 22
Blackpoints= 18
Statistics of the game:
Stockfish depth:  15
White: 62.86 %
Black: 52.94 %
Game Informations
-----------------
Event: Chess.com Rapid Wk24 Swiss
White: Niemann,Hans Moke
Black: Sevian,Samuel
Date: 2022.08.06
Whitepoints= 2
Blackpoints= 1
Statistics of the game:
Stockfish depth:  15
White: 66.67 %
Black: 50.0 %
Game Informations
-----------------
Event: Chess.com Rapid Wk24 Swiss
White: Niemann,Hans Moke
Black: Shimanov,Aleksandr
Date: 2022.08.06
Whitepoints= 27
Blackpoints= 28
Statistics of the game:
Stockfish depth:  15
White: 51.92 %
Black: 54.9 %
Game Informations
-----------------
Event: Julius Baer GenCup Prelim
White: Giri,Anish
Black: Niemann,Hans Moke
Date: 2022.09.20
Whitepoints= 26
Blackpoints= 13
Statistics of the game:
Stockfish depth:  15
White: 63.41 %
Black: 32.5 %
Game Informations
-----------------
Event: Chess.com Rapid Wk24 Swiss
White: Niemann,Hans Moke
Black: Xiong,Jeffery
Date: 2022.08.06
Whitepoints= 12
Blackpoints= 11
Statistics of the game:
Stockfish depth:  15
White: 80.0 %
Black: 78.57 %
Game Informations
-----------------
Event: Chess.com Rapid Wk24 Swiss
White: Ponkratov,Pavel
Black: Niemann,Hans Moke
Date: 2022.08.06
Whitepoints= 18
Blackpoints= 26
Statistics of the game:
Stockfish depth:  15
White: 40.91 %
Black: 59.09 %
Game Informations
-----------------
Event: Chess.com Rapid Wk24 Swiss
White: Salem,AR Saleh
Black: Niemann,Hans Moke
Date: 2022.08.06
Whitepoints= 28
Blackpoints= 31
Statistics of the game:
Stockfish depth:  15
White: 44.44 %
Black: 49.21 %
Game Informations
-----------------
Event: Chess.com Rapid Wk23 KO
White: Sevian,Samuel
Black: Niemann,Hans Moke
Date: 2022.07.31
Whitepoints= 19
Blackpoints= 24
Statistics of the game:
Stockfish depth:  15
White: 52.78 %
Black: 66.67 %
Game Informations
-----------------
Event: Chess.com Rapid Wk23 KO
White: Sevian,Samuel
Black: Niemann,Hans Moke
Date: 2022.07.31
Whitepoints= 19
Blackpoints= 24
Statistics of the game:
Stockfish depth:  15
White: 52.78 %
Black: 66.67 %
Game Informations
-----------------
Event: Chess.com Rapid Wk23 KO
White: Xiong,Jeffery
Black: Niemann,Hans Moke
Date: 2022.07.31
Whitepoints= 14
Blackpoints= 8
Statistics of the game:
Stockfish depth:  15
White: 53.85 %
Black: 32.0 %
Game Informations
-----------------
Event: Chess.com Rapid Wk23 KO
White: Xiong,Jeffery
Black: Niemann,Hans Moke
Date: 2022.07.31
Whitepoints= 14
Blackpoints= 8
Statistics of the game:
Stockfish depth:  15
White: 53.85 %
Black: 32.0 %
Game Informations
-----------------
Event: Chess.com Rapid Wk23 Swiss
White: Abdusattorov,Nodirbek
Black: Niemann,Hans Moke
Date: 2022.07.30
Whitepoints= 46
Blackpoints= 34
Statistics of the game:
Stockfish depth:  15
White: 56.79 %
Black: 42.5 %
Game Informations
-----------------
Event: Chess.com Rapid Wk23 Swiss
White: Abdusattorov,Nodirbek
Black: Niemann,Hans Moke
Date: 2022.07.30
Whitepoints= 46
Blackpoints= 34
Statistics of the game:
Stockfish depth:  15
White: 56.79 %
Black: 42.5 %
Game Informations
-----------------
Event: Chess.com Rapid Wk23 Swiss
White: Nguyen,Duc Hoa
Black: Niemann,Hans Moke
Date: 2022.07.30
Whitepoints= 22
Blackpoints= 23
Statistics of the game:
Stockfish depth:  15
White: 62.86 %
Black: 65.71 %
Game Informations
-----------------
Event: Julius Baer GenCup Prelim
White: Navara,David
Black: Niemann,Hans Moke
Date: 2022.09.20
Whitepoints= 28
Blackpoints= 22
Statistics of the game:
Stockfish depth:  15
White: 58.33 %
Black: 46.81 %
Game Informations
-----------------
Event: Chess.com Rapid Wk23 Swiss
White: Nguyen,Duc Hoa
Black: Niemann,Hans Moke
Date: 2022.07.30
Whitepoints= 22
Blackpoints= 23
Statistics of the game:
Stockfish depth:  15
White: 62.86 %
Black: 65.71 %
Game Informations
-----------------
Event: Chess.com Rapid Wk23 Swiss
White: Niemann,Hans Moke
Black: Andreikin,Dmitry
Date: 2022.07.30
Whitepoints= 34
Blackpoints= 32
Statistics of the game:
Stockfish depth:  15
White: 61.82 %
Black: 59.26 %
Game Informations
-----------------
Event: Chess.com Rapid Wk23 Swiss
White: Niemann,Hans Moke
Black: Andreikin,Dmitry
Date: 2022.07.30
Whitepoints= 34
Blackpoints= 32
Statistics of the game:
Stockfish depth:  15
White: 61.82 %
Black: 59.26 %
Game Informations
-----------------
Event: Chess.com Rapid Wk23 Swiss
White: Niemann,Hans Moke
Black: Grischuk,Alexander
Date: 2022.07.30
Whitepoints= 33
Blackpoints= 34
Statistics of the game:
Stockfish depth:  15
White: 45.83 %
Black: 47.89 %
Game Informations
-----------------
Event: Chess.com Rapid Wk23 Swiss
White: Niemann,Hans Moke
Black: Grischuk,Alexander
Date: 2022.07.30
Whitepoints= 33
Blackpoints= 34
Statistics of the game:
Stockfish depth:  15
White: 45.83 %
Black: 47.89 %
Game Informations
-----------------
Event: Chess.com Rapid Wk23 Swiss
White: Niemann,Hans Moke
Black: Nasuta,Grzegorz
Date: 2022.07.30
Whitepoints= 23
Blackpoints= 13
Statistics of the game:
Stockfish depth:  15
White: 67.65 %
Black: 39.39 %
Game Informations
-----------------
Event: Chess.com Rapid Wk23 Swiss
White: Niemann,Hans Moke
Black: Nasuta,Grzegorz
Date: 2022.07.30
Whitepoints= 23
Blackpoints= 13
Statistics of the game:
Stockfish depth:  15
White: 67.65 %
Black: 39.39 %
Game Informations
-----------------
Event: Chess.com Rapid Wk23 Swiss
White: Niemann,Hans Moke
Black: Pichot,Alan
Date: 2022.07.30
Whitepoints= 21
Blackpoints= 21
Statistics of the game:
Stockfish depth:  15
White: 47.73 %
Black: 48.84 %
Game Informations
-----------------
Event: Chess.com Rapid Wk23 Swiss
White: Niemann,Hans Moke
Black: Pichot,Alan
Date: 2022.07.30
Whitepoints= 21
Blackpoints= 21
Statistics of the game:
Stockfish depth:  15
White: 47.73 %
Black: 48.84 %
Game Informations
-----------------
Event: Chess.com Rapid Wk23 Swiss
White: Nyzhnyk,Illya
Black: Niemann,Hans Moke
Date: 2022.07.30
Whitepoints= 41
Blackpoints= 34
Statistics of the game:
Stockfish depth:  15
White: 70.69 %
Black: 59.65 %
Game Informations
-----------------
Event: Julius Baer GenCup Prelim
White: Niemann,Hans Moke
Black: Aronian,Levon
Date: 2022.09.20
Whitepoints= 12
Blackpoints= 8
Statistics of the game:
Stockfish depth:  15
White: 57.14 %
Black: 40.0 %
Game Informations
-----------------
Event: Chess.com Rapid Wk23 Swiss
White: Nyzhnyk,Illya
Black: Niemann,Hans Moke
Date: 2022.07.30
Whitepoints= 41
Blackpoints= 34
Statistics of the game:
Stockfish depth:  15
White: 70.69 %
Black: 59.65 %
Game Informations
-----------------
Event: Chess.com Rapid Wk23 Swiss
White: Sevian,Samuel
Black: Niemann,Hans Moke
Date: 2022.07.30
Whitepoints= 2
Blackpoints= 1
Statistics of the game:
Stockfish depth:  15
White: 66.67 %
Black: 33.33 %
Game Informations
-----------------
Event: Chess.com Rapid Wk23 Swiss
White: Sevian,Samuel
Black: Niemann,Hans Moke
Date: 2022.07.30
Whitepoints= 2
Blackpoints= 1
Statistics of the game:
Stockfish depth:  15
White: 66.67 %
Black: 33.33 %
Game Informations
-----------------
Event: Chess.com Rapid Wk23 Swiss
White: Vasquez Schroder,Rodrigo Rafael
Black: Niemann,Hans Moke
Date: 2022.07.30
Whitepoints= 27
Blackpoints= 33
Statistics of the game:
Stockfish depth:  15
White: 56.25 %
Black: 68.75 %
Game Informations
-----------------
Event: Chess.com Rapid Wk23 Swiss
White: Vasquez Schroder,Rodrigo Rafael
Black: Niemann,Hans Moke
Date: 2022.07.30
Whitepoints= 27
Blackpoints= 33
Statistics of the game:
Stockfish depth:  15
White: 56.25 %
Black: 68.75 %
Game Informations
-----------------
Event: FTX Road to Miami Prelim
White: Giri,Anish
Black: Niemann,Hans Moke
Date: 2022.07.13
Whitepoints= 12
Blackpoints= 9
Statistics of the game:
Stockfish depth:  15
White: 48.0 %
Black: 37.5 %
Game Informations
-----------------
Event: FTX Road to Miami Prelim
White: Ju,Wenjun
Black: Niemann,Hans Moke
Date: 2022.07.13
Whitepoints= 26
Blackpoints= 17
Statistics of the game:
Stockfish depth:  15
White: 65.0 %
Black: 43.59 %
Game Informations
-----------------
Event: FTX Road to Miami Prelim
White: Niemann,Hans Moke
Black: Wojtaszek,Radoslaw
Date: 2022.07.13
Whitepoints= 46
Blackpoints= 37
Statistics of the game:
Stockfish depth:  15
White: 56.79 %
Black: 46.25 %
Game Informations
-----------------
Event: FTX Road to Miami Prelim
White: Erigaisi,Arjun Kumar
Black: Niemann,Hans Moke
Date: 2022.07.12
Whitepoints= 30
Blackpoints= 31
Statistics of the game:
Stockfish depth:  15
White: 65.22 %
Black: 68.89 %
Game Informations
-----------------
Event: FTX Road to Miami Prelim
White: Mamedyarov,Shakhriyar
Black: Niemann,Hans Moke
Date: 2022.07.12
Whitepoints= 29
Blackpoints= 32
Statistics of the game:
Stockfish depth:  15
White: 59.18 %
Black: 66.67 %
Game Informations
-----------------
Event: Julius Baer GenCup Prelim
White: Praggnanandhaa,Rameshbabu
Black: Niemann,Hans Moke
Date: 2022.09.20
Whitepoints= 21
Blackpoints= 30
Statistics of the game:
Stockfish depth:  15
White: 48.84 %
Black: 69.77 %
Game Informations
-----------------
Event: FTX Road to Miami Prelim
White: Niemann,Hans Moke
Black: Rapport,Richard
Date: 2022.07.12
Whitepoints= 44
Blackpoints= 49
Statistics of the game:
Stockfish depth:  15
White: 62.86 %
Black: 70.0 %
Game Informations
-----------------
Event: FTX Road to Miami Prelim
White: Dominguez Perez,Leinier
Black: Niemann,Hans Moke
Date: 2022.07.11
Whitepoints= 19
Blackpoints= 21
Statistics of the game:
Stockfish depth:  15
White: 54.29 %
Black: 60.0 %
Game Informations
-----------------
Event: FTX Road to Miami Prelim
White: Duda,Jan Krzysztof
Black: Niemann,Hans Moke
Date: 2022.07.11
Whitepoints= 29
Blackpoints= 18
Statistics of the game:
Stockfish depth:  15
White: 72.5 %
Black: 46.15 %
Game Informations
-----------------
Event: FTX Road to Miami Prelim
White: Niemann,Hans Moke
Black: Aronian,Levon
Date: 2022.07.11
Whitepoints= 27
Blackpoints= 35
Statistics of the game:
Stockfish depth:  15
White: 60.0 %
Black: 77.78 %
Game Informations
-----------------
Event: FTX Road to Miami Prelim
White: Niemann,Hans Moke
Black: Sevian,Samuel
Date: 2022.07.11
Whitepoints= 21
Blackpoints= 24
Statistics of the game:
Stockfish depth:  15
White: 52.5 %
Black: 60.0 %
Game Informations
-----------------
Event: Bundesliga 2122
White: Niemann,Hans Moke
Black: Huschenbeth,Niclas
Date: 2022.07.10
Whitepoints= 48
Blackpoints= 50
Statistics of the game:
Stockfish depth:  15
White: 58.54 %
Black: 60.98 %
Game Informations
-----------------
Event: FTX Road to Miami Prelim
White: Niemann,Hans Moke
Black: Tari,Aryan
Date: 2022.07.10
Whitepoints= 45
Blackpoints= 39
Statistics of the game:
Stockfish depth:  15
White: 67.16 %
Black: 59.09 %
Game Informations
-----------------
Event: FTX Road to Miami Prelim
White: Niemann,Hans Moke
Black: Xiong,Jeffery
Date: 2022.07.10
Whitepoints= 24
Blackpoints= 28
Statistics of the game:
Stockfish depth:  15
White: 55.81 %
Black: 65.12 %
Game Informations
-----------------
Event: FTX Road to Miami Prelim
White: Shankland,Samuel L
Black: Niemann,Hans Moke
Date: 2022.07.10
Whitepoints= 22
Blackpoints= 23
Statistics of the game:
Stockfish depth:  15
White: 50.0 %
Black: 52.27 %
Game Informations
-----------------
Event: FTX Road to Miami Prelim
White: Wei,Yi
Black: Niemann,Hans Moke
Date: 2022.07.10
Whitepoints= 41
Blackpoints= 45
Statistics of the game:
Stockfish depth:  15
White: 46.59 %
Black: 51.14 %
Game Informations
-----------------
Event: Julius Baer GenCup Prelim
White: Adhiban,Baskaran
Black: Niemann,Hans Moke
Date: 2022.09.19
Whitepoints= 40
Blackpoints= 42
Statistics of the game:
Stockfish depth:  15
White: 64.52 %
Black: 67.74 %
Game Informations
-----------------
Event: Bundesliga 2122
White: Grandelius,Nils
Black: Niemann,Hans Moke
Date: 2022.07.09
Whitepoints= 32
Blackpoints= 35
Statistics of the game:
Stockfish depth:  15
White: 54.24 %
Black: 60.34 %
Game Informations
-----------------
Event: Bundesliga 2122
White: Jones,Gawain C B
Black: Niemann,Hans Moke
Date: 2022.07.09
Whitepoints= 17
Blackpoints= 28
Statistics of the game:
Stockfish depth:  15
White: 50.0 %
Black: 82.35 %
Game Informations
-----------------
Event: Bundesliga 2122
White: Niemann,Hans Moke
Black: Caruana,Fabiano
Date: 2022.07.08
Whitepoints= 48
Blackpoints= 50
Statistics of the game:
Stockfish depth:  15
White: 62.34 %
Black: 64.94 %
Game Informations
-----------------
Event: Bundesliga 2122
White: Keymer,Vincent
Black: Niemann,Hans Moke
Date: 2022.07.07
Whitepoints= 37
Blackpoints= 38
Statistics of the game:
Stockfish depth:  15
White: 60.66 %
Black: 62.3 %
Game Informations
-----------------
Event: Titled Tuesday intern op 05th Jul Early
White: Domingo Nunez,Ruben
Black: Niemann,Hans Moke
Date: 2022.07.05
Whitepoints= 39
Blackpoints= 61
Statistics of the game:
Stockfish depth:  15
White: 30.71 %
Black: 48.03 %
Game Informations
-----------------
Event: Titled Tuesday intern op 05th Jul Early
White: Dubov,Daniil
Black: Niemann,Hans Moke
Date: 2022.07.05
Whitepoints= 40
Blackpoints= 37
Statistics of the game:
Stockfish depth:  15
White: 61.54 %
Black: 57.81 %
Game Informations
-----------------
Event: Titled Tuesday intern op 05th Jul Early
White: Malek,Jan
Black: Niemann,Hans Moke
Date: 2022.07.05
Whitepoints= 32
Blackpoints= 31
Statistics of the game:
Stockfish depth:  15
White: 53.33 %
Black: 51.67 %
Game Informations
-----------------
Event: Titled Tuesday intern op 05th Jul Early
White: Niemann,Hans Moke
Black: Abrahamyan,Tatev
Date: 2022.07.05
Whitepoints= 15
Blackpoints= 19
Statistics of the game:
Stockfish depth:  15
White: 53.57 %
Black: 70.37 %
Game Informations
-----------------
Event: Titled Tuesday intern op 05th Jul Early
White: Niemann,Hans Moke
Black: Atakishiyev,Elmar
Date: 2022.07.05
Whitepoints= 23
Blackpoints= 19
Statistics of the game:
Stockfish depth:  15
White: 54.76 %
Black: 46.34 %
Game Informations
-----------------
Event: Titled Tuesday intern op 05th Jul Early
White: Niemann,Hans Moke
Black: Maximov,Dmitry
Date: 2022.07.05
Whitepoints= 32
Blackpoints= 28
Statistics of the game:
Stockfish depth:  15
White: 58.18 %
Black: 51.85 %
Game Informations
-----------------
Event: Julius Baer GenCup Prelim
White: Erigaisi,Arjun Kumar
Black: Niemann,Hans Moke
Date: 2022.09.19
Whitepoints= 35
Blackpoints= 30
Statistics of the game:
Stockfish depth:  15
White: 70.0 %
Black: 61.22 %
